<?xml version="1.0" encoding="UTF-8"?>
<testsuite xmlns:xsi="http://www.w3.org/2001/XMLSchema-instance" xsi:noNamespaceSchemaLocation="https://maven.apache.org/surefire/maven-surefire-plugin/xsd/surefire-test-report-3.0.xsd" version="3.0" name="com.ravenclaw.gateway.GatewayApplicationTests" time="6.67" tests="1" errors="0" skipped="0" failures="0">
  <properties>
[...]
</properties>
  <testcase name="contextLoads" classname="com.ravenclaw.gateway.GatewayApplicationTests" time="0.778">
    <system-out><![CDATA[18:14:15.079 [main] INFO org.springframework.test.context.support.AnnotationConfigContextLoaderUtils -- Could not detect default configuration classes for test class [com.ravenclaw.gateway.GatewayApplicationTests]: GatewayApplicationTests does not declare any static, non-private, non-final, nested classes annotated with @Configuration.
18:14:15.187 [main] INFO org.springframework.boot.test.context.SpringBootTestContextBootstrapper -- Found @SpringBootConfiguration com.ravenclaw.gateway.GatewayApplication for test class com.ravenclaw.gateway.GatewayApplicationTests

  .   ____          _            __ _ _
 /\\ / ___'_ __ _ _(_)_ __  __ _ \ \ \ \
( ( )\___ | '_ | '_| | '_ \/ _` | \ \ \ \
 \\/  ___)| |_)| | | | | || (_| |  ) ) ) )
  '  |____| .__|_| |_|_| |_\__, | / / / /
 =========|_|==============|___/=/_/_/_/
 :: Spring Boot ::                (v3.1.4)

2023-10-12T18:14:16.033+05:30  INFO 14912 --- [           main] c.r.gateway.GatewayApplicationTests      : Starting GatewayApplicationTests using Java 17.0.6 with PID 14912 (started by samue in D:\ProjectOVP\gateway)
2023-10-12T18:14:16.036+05:30  INFO 14912 --- [           main] c.r.gateway.GatewayApplicationTests      : No active profile set, falling back to 1 default profile: "default"
2023-10-12T18:14:16.072+05:30  INFO 14912 --- [           main] o.s.c.c.c.ConfigServerConfigDataLoader   : Fetching config from server at : http://localhost:8888
2023-10-12T18:14:16.072+05:30  INFO 14912 --- [           main] o.s.c.c.c.ConfigServerConfigDataLoader   : Located environment: name=gateway, profiles=[default], label=null, version=null, state=null
2023-10-12T18:14:17.306+05:30  INFO 14912 --- [           main] o.s.cloud.context.scope.GenericScope     : BeanFactory id=fa35c14b-6d0d-3539-a446-c97630daa7f4
2023-10-12T18:14:17.415+05:30  INFO 14912 --- [           main] trationDelegate$BeanPostProcessorChecker : Bean 'org.springframework.cloud.client.loadbalancer.reactive.LoadBalancerBeanPostProcessorAutoConfiguration' of type [org.springframework.cloud.client.loadbalancer.reactive.LoadBalancerBeanPostProcessorAutoConfiguration] is not eligible for getting processed by all BeanPostProcessors (for example: not eligible for auto-proxying)
2023-10-12T18:14:17.417+05:30  INFO 14912 --- [           main] trationDelegate$BeanPostProcessorChecker : Bean 'org.springframework.cloud.client.loadbalancer.reactive.LoadBalancerBeanPostProcessorAutoConfiguration$ReactorDeferringLoadBalancerFilterConfig' of type [org.springframework.cloud.client.loadbalancer.reactive.LoadBalancerBeanPostProcessorAutoConfiguration$ReactorDeferringLoadBalancerFilterConfig] is not eligible for getting processed by all BeanPostProcessors (for example: not eligible for auto-proxying)
2023-10-12T18:14:17.418+05:30  INFO 14912 --- [           main] trationDelegate$BeanPostProcessorChecker : Bean 'reactorDeferringLoadBalancerExchangeFilterFunction' of type [org.springframework.cloud.client.loadbalancer.reactive.DeferringLoadBalancerExchangeFilterFunction] is not eligible for getting processed by all BeanPostProcessors (for example: not eligible for auto-proxying)
2023-10-12T18:14:18.816+05:30  INFO 14912 --- [           main] o.s.c.g.r.RouteDefinitionRouteLocator    : Loaded RoutePredicateFactory [After]
2023-10-12T18:14:18.817+05:30  INFO 14912 --- [           main] o.s.c.g.r.RouteDefinitionRouteLocator    : Loaded RoutePredicateFactory [Before]
2023-10-12T18:14:18.817+05:30  INFO 14912 --- [           main] o.s.c.g.r.RouteDefinitionRouteLocator    : Loaded RoutePredicateFactory [Between]
2023-10-12T18:14:18.817+05:30  INFO 14912 --- [           main] o.s.c.g.r.RouteDefinitionRouteLocator    : Loaded RoutePredicateFactory [Cookie]
2023-10-12T18:14:18.817+05:30  INFO 14912 --- [           main] o.s.c.g.r.RouteDefinitionRouteLocator    : Loaded RoutePredicateFactory [Header]
2023-10-12T18:14:18.817+05:30  INFO 14912 --- [           main] o.s.c.g.r.RouteDefinitionRouteLocator    : Loaded RoutePredicateFactory [Host]
2023-10-12T18:14:18.817+05:30  INFO 14912 --- [           main] o.s.c.g.r.RouteDefinitionRouteLocator    : Loaded RoutePredicateFactory [Method]
2023-10-12T18:14:18.817+05:30  INFO 14912 --- [           main] o.s.c.g.r.RouteDefinitionRouteLocator    : Loaded RoutePredicateFactory [Path]
2023-10-12T18:14:18.817+05:30  INFO 14912 --- [           main] o.s.c.g.r.RouteDefinitionRouteLocator    : Loaded RoutePredicateFactory [Query]
2023-10-12T18:14:18.817+05:30  INFO 14912 --- [           main] o.s.c.g.r.RouteDefinitionRouteLocator    : Loaded RoutePredicateFactory [ReadBody]
2023-10-12T18:14:18.817+05:30  INFO 14912 --- [           main] o.s.c.g.r.RouteDefinitionRouteLocator    : Loaded RoutePredicateFactory [RemoteAddr]
2023-10-12T18:14:18.818+05:30  INFO 14912 --- [           main] o.s.c.g.r.RouteDefinitionRouteLocator    : Loaded RoutePredicateFactory [XForwardedRemoteAddr]
2023-10-12T18:14:18.818+05:30  INFO 14912 --- [           main] o.s.c.g.r.RouteDefinitionRouteLocator    : Loaded RoutePredicateFactory [Weight]
2023-10-12T18:14:18.818+05:30  INFO 14912 --- [           main] o.s.c.g.r.RouteDefinitionRouteLocator    : Loaded RoutePredicateFactory [CloudFoundryRouteService]
2023-10-12T18:14:19.454+05:30  INFO 14912 --- [           main] o.s.b.a.e.web.EndpointLinksResolver      : Exposing 1 endpoint(s) beneath base path '/actuator'
2023-10-12T18:14:19.844+05:30  INFO 14912 --- [           main] DiscoveryClientOptionalArgsConfiguration : Eureka HTTP Client uses RestTemplate.
2023-10-12T18:14:19.918+05:30  WARN 14912 --- [           main] iguration$LoadBalancerCaffeineWarnLogger : Spring Cloud LoadBalancer is currently working with the default cache. While this cache implementation is useful for development and tests, it's recommended to use Caffeine cache in production.You can switch to using Caffeine cache, by adding it and org.springframework.cache.caffeine.CaffeineCacheManager to the classpath.
2023-10-12T18:14:20.021+05:30  INFO 14912 --- [           main] o.s.c.n.eureka.InstanceInfoFactory       : Setting initial instance status as: STARTING
2023-10-12T18:14:20.166+05:30  INFO 14912 --- [           main] com.netflix.discovery.DiscoveryClient    : Initializing Eureka in region us-east-1
2023-10-12T18:14:20.174+05:30  INFO 14912 --- [           main] c.n.d.s.r.aws.ConfigClusterResolver      : Resolving eureka endpoints via configuration
2023-10-12T18:14:20.223+05:30  INFO 14912 --- [           main] com.netflix.discovery.DiscoveryClient    : Disable delta property : false
2023-10-12T18:14:20.224+05:30  INFO 14912 --- [           main] com.netflix.discovery.DiscoveryClient    : Single vip registry refresh property : null
2023-10-12T18:14:20.224+05:30  INFO 14912 --- [           main] com.netflix.discovery.DiscoveryClient    : Force full registry fetch : false
2023-10-12T18:14:20.224+05:30  INFO 14912 --- [           main] com.netflix.discovery.DiscoveryClient    : Application is null : false
2023-10-12T18:14:20.224+05:30  INFO 14912 --- [           main] com.netflix.discovery.DiscoveryClient    : Registered Applications size is zero : true
2023-10-12T18:14:20.224+05:30  INFO 14912 --- [           main] com.netflix.discovery.DiscoveryClient    : Application version is -1: true
2023-10-12T18:14:20.224+05:30  INFO 14912 --- [           main] com.netflix.discovery.DiscoveryClient    : Getting all instance registry info from the eureka server
2023-10-12T18:14:20.699+05:30  INFO 14912 --- [           main] com.netflix.discovery.DiscoveryClient    : The response status is 200
2023-10-12T18:14:20.700+05:30  INFO 14912 --- [           main] com.netflix.discovery.DiscoveryClient    : Not registering with Eureka server per configuration
2023-10-12T18:14:20.706+05:30  INFO 14912 --- [           main] com.netflix.discovery.DiscoveryClient    : Discovery Client initialized at timestamp 1697114660705 with initial instances count: 0
2023-10-12T18:14:20.708+05:30  INFO 14912 --- [           main] o.s.c.n.e.s.EurekaServiceRegistry        : Registering application GATEWAY with eureka with status UP
2023-10-12T18:14:20.796+05:30  INFO 14912 --- [           main] c.r.gateway.GatewayApplicationTests      : Started GatewayApplicationTests in 5.47 seconds (process running for 6.503)
]]></system-out>
  </testcase>
</testsuite>